<?xml version="1.0" encoding="UTF-8"?>
<testng-results ignored="0" total="1" passed="1" failed="0" skipped="0">
  <reporter-output>
  </reporter-output>
  <suite started-at="2025-05-22T21:44:37 IST" name="Default suite" finished-at="2025-05-22T21:44:44 IST" duration-ms="7668">
    <groups>
      <group name="cucumber">
        <method signature="AbstractTestNGCucumberTests.runScenario(io.cucumber.testng.PickleWrapper,io.cucumber.testng.FeatureWrapper)[pri:0, instance:Runner.TestsRunner@4e08711f]" name="runScenario" class="io.cucumber.testng.AbstractTestNGCucumberTests"/>
      </group> <!-- cucumber -->
    </groups>
    <test started-at="2025-05-22T21:44:37 IST" name="Default test" finished-at="2025-05-22T21:44:44 IST" duration-ms="7668">
      <class name="Runner.TestsRunner">
        <test-method is-config="true" signature="setUpClass(org.testng.ITestContext)[pri:0, instance:Runner.TestsRunner@4e08711f]" started-at="2025-05-22T21:44:37 IST" name="setUpClass" finished-at="2025-05-22T21:44:37 IST" duration-ms="700" status="PASS">
          <params>
            <param index="0">
              <value>
                <![CDATA[org.testng.TestRunner@af9a89f]]>
              </value>
            </param>
          </params>
          <reporter-output>
          </reporter-output>
        </test-method> <!-- setUpClass -->
        <test-method signature="runScenario(io.cucumber.testng.PickleWrapper,io.cucumber.testng.FeatureWrapper)[pri:0, instance:Runner.TestsRunner@4e08711f]" started-at="2025-05-22T21:44:37 IST" name="runScenario" description="Runs Cucumber Scenarios" data-provider="scenarios" finished-at="2025-05-22T21:44:44 IST" duration-ms="6842" status="PASS">
          <params>
            <param index="0">
              <value>
                <![CDATA["Login with valid creds"]]>
              </value>
            </param>
            <param index="1">
              <value>
                <![CDATA["Login feature"]]>
              </value>
            </param>
          </params>
          <reporter-output>
          </reporter-output>
        </test-method> <!-- runScenario -->
        <test-method is-config="true" signature="tearDownClass()[pri:0, instance:Runner.TestsRunner@4e08711f]" started-at="2025-05-22T21:44:44 IST" name="tearDownClass" finished-at="2025-05-22T21:44:44 IST" duration-ms="69" status="PASS">
          <reporter-output>
          </reporter-output>
        </test-method> <!-- tearDownClass -->
      </class> <!-- Runner.TestsRunner -->
    </test> <!-- Default test -->
  </suite> <!-- Default suite -->
</testng-results>
